<?xml version="1.0" encoding="UTF-8"?>
<!-- Generated by org.testng.reporters.JUnitReportReporter -->
<testsuite hostname="Bharani" failures="0" tests="1" name="scripts.Testcase1" time="21.241" errors="0" timestamp="2022-10-14T09:04:57 IST" skipped="0">
  <testcase classname="scripts.Testcase1" name="tc1" time="21.241"/>
  <system-out/>
</testsuite> <!-- scripts.Testcase1 -->
