<?xml version="1.0" encoding="UTF-8"?>
<!-- Generated by org.testng.reporters.JUnitReportReporter -->
<testsuite hostname="Bharani" failures="0" tests="1" name="scripts.Testcase3" time="23.023" errors="0" timestamp="2022-10-18T08:06:16 IST" skipped="0">
  <testcase classname="scripts.Testcase3" name="tc3" time="23.023"/>
  <system-out/>
</testsuite> <!-- scripts.Testcase3 -->
