<?xml version="1.0" encoding="UTF-8"?>
<!-- Generated by org.testng.reporters.JUnitReportReporter -->
<testsuite hostname="Bharani" failures="0" tests="1" name="scripts.Testcase2" time="37.092" errors="0" timestamp="2022-10-17T08:14:17 IST" skipped="0">
  <testcase classname="scripts.Testcase2" name="tc2" time="37.092"/>
  <system-out/>
</testsuite> <!-- scripts.Testcase2 -->
