<?xml version="1.0" encoding="UTF-8"?>
<!-- Generated by org.testng.reporters.JUnitReportReporter -->
<testsuite hostname="Bharani" failures="0" tests="1" name="scripts.Testcase3" time="17.290" errors="0" timestamp="2022-10-17T09:03:09 IST" skipped="0">
  <testcase classname="scripts.Testcase3" name="tc3" time="17.290"/>
  <system-out/>
</testsuite> <!-- scripts.Testcase3 -->
